<?xml version="1.0" encoding="UTF-8"?>
<testsuite name="umc.spring.ApplicationTests" tests="1" skipped="0" failures="0" errors="0" timestamp="2025-04-28T03:20:49.832Z" hostname="DESKTOP-EH8D6S1" time="0.448">
  <properties/>
  <testcase name="contextLoads()" classname="umc.spring.ApplicationTests" time="0.448"/>
  <system-out><![CDATA[12:20:32.686 [Test worker] DEBUG org.springframework.boot.test.context.SpringBootTestContextBootstrapper - Neither @ContextConfiguration nor @ContextHierarchy found for test class [ApplicationTests]: using SpringBootContextLoader
12:20:32.693 [Test worker] DEBUG org.springframework.test.context.support.AbstractContextLoader - Could not detect default resource locations for test class [umc.spring.ApplicationTests]: no resource found for suffixes {-context.xml, Context.groovy}.
12:20:32.695 [Test worker] INFO org.springframework.test.context.support.AnnotationConfigContextLoaderUtils - Could not detect default configuration classes for test class [umc.spring.ApplicationTests]: ApplicationTests does not declare any static, non-private, non-final, nested classes annotated with @Configuration.
12:20:32.747 [Test worker] DEBUG org.springframework.boot.test.context.SpringBootTestContextBootstrapper - Using ContextCustomizers for test class [ApplicationTests]: [DisableObservabilityContextCustomizer, PropertyMappingContextCustomizer, Customizer, ExcludeFilterContextCustomizer, DuplicateJsonObjectContextCustomizer, MockitoContextCustomizer, TestRestTemplateContextCustomizer]
12:20:32.861 [Test worker] DEBUG org.springframework.context.annotation.ClassPathScanningCandidateComponentProvider - Identified candidate component class: file [C:\Users\USER\SpringProjects\spring\build\classes\java\main\umc\spring\Application.class]
12:20:32.865 [Test worker] INFO org.springframework.boot.test.context.SpringBootTestContextBootstrapper - Found @SpringBootConfiguration umc.spring.Application for test class umc.spring.ApplicationTests
12:20:33.089 [Test worker] DEBUG org.springframework.boot.test.context.SpringBootTestContextBootstrapper - Using TestExecutionListeners for test class [ApplicationTests]: [ServletTestExecutionListener, DirtiesContextBeforeModesTestExecutionListener, ApplicationEventsTestExecutionListener, MockitoTestExecutionListener, DependencyInjectionTestExecutionListener, DirtiesContextTestExecutionListener, TransactionalTestExecutionListener, SqlScriptsTestExecutionListener, EventPublishingTestExecutionListener, RestDocsTestExecutionListener, MockRestServiceServerResetTestExecutionListener, MockMvcPrintOnlyOnFailureTestExecutionListener, WebDriverTestExecutionListener, MockWebServiceServerTestExecutionListener, ResetMocksTestExecutionListener]
12:20:33.091 [Test worker] DEBUG org.springframework.test.context.support.AbstractDirtiesContextTestExecutionListener - Before test class: class [ApplicationTests], class annotated with @DirtiesContext [false] with mode [null]

  .   ____          _            __ _ _
 /\\ / ___'_ __ _ _(_)_ __  __ _ \ \ \ \
( ( )\___ | '_ | '_| | '_ \/ _` | \ \ \ \
 \\/  ___)| |_)| | | | | || (_| |  ) ) ) )
  '  |____| .__|_| |_|_| |_\__, | / / / /
 =========|_|==============|___/=/_/_/_/
 :: Spring Boot ::                (v3.0.0)

2025-04-28T12:20:33.694+09:00  INFO 6564 --- [    Test worker] umc.spring.ApplicationTests              : Starting ApplicationTests using Java 17.0.10 with PID 6564 (started by USER in C:\Users\USER\SpringProjects\spring)
2025-04-28T12:20:33.694+09:00  INFO 6564 --- [    Test worker] umc.spring.ApplicationTests              : No active profile set, falling back to 1 default profile: "default"
2025-04-28T12:20:35.825+09:00  INFO 6564 --- [    Test worker] .s.d.r.c.RepositoryConfigurationDelegate : Bootstrapping Spring Data JPA repositories in DEFAULT mode.
2025-04-28T12:20:36.048+09:00  INFO 6564 --- [    Test worker] .s.d.r.c.RepositoryConfigurationDelegate : Finished Spring Data repository scanning in 194 ms. Found 1 JPA repository interfaces.
2025-04-28T12:20:37.725+09:00  INFO 6564 --- [    Test worker] o.hibernate.jpa.internal.util.LogHelper  : HHH000204: Processing PersistenceUnitInfo [name: default]
2025-04-28T12:20:37.902+09:00  INFO 6564 --- [    Test worker] org.hibernate.Version                    : HHH000412: Hibernate ORM core version 6.1.5.Final
2025-04-28T12:20:38.437+09:00  WARN 6564 --- [    Test worker] org.hibernate.orm.deprecation            : HHH90000021: Encountered deprecated setting [javax.persistence.sharedCache.mode], use [jakarta.persistence.sharedCache.mode] instead
2025-04-28T12:20:38.978+09:00  INFO 6564 --- [    Test worker] com.zaxxer.hikari.HikariDataSource       : HikariPool-1 - Starting...
2025-04-28T12:20:39.766+09:00  INFO 6564 --- [    Test worker] com.zaxxer.hikari.pool.HikariPool        : HikariPool-1 - Added connection com.mysql.cj.jdbc.ConnectionImpl@2c815fdc
2025-04-28T12:20:39.772+09:00  INFO 6564 --- [    Test worker] com.zaxxer.hikari.HikariDataSource       : HikariPool-1 - Start completed.
2025-04-28T12:20:39.821+09:00  INFO 6564 --- [    Test worker] SQL dialect                              : HHH000400: Using dialect: org.hibernate.dialect.MySQL8Dialect
2025-04-28T12:20:39.822+09:00  WARN 6564 --- [    Test worker] org.hibernate.orm.deprecation            : HHH90000026: MySQL8Dialect has been deprecated; use org.hibernate.dialect.MySQLDialect instead
Hibernate: 
    
    alter table member_agree 
       drop 
       foreign key FKidc8ol6y753cph4vuq9fa9scd
Hibernate: 
    
    alter table member_agree 
       drop 
       foreign key FKg33d9g6nwdsilmn85of0tt35q
Hibernate: 
    
    alter table member_mission 
       drop 
       foreign key FKj748kava82k8wmg961rh64x90
Hibernate: 
    
    alter table member_mission 
       drop 
       foreign key FKk7l6leg5exlw81blymvdk7eqj
Hibernate: 
    
    alter table member_prefer 
       drop 
       foreign key FK27wbv0uj0ky73wp2oo63yd72i
Hibernate: 
    
    alter table member_prefer 
       drop 
       foreign key FKt0mtbhxwyh98gfwit7uvynexi
Hibernate: 
    
    alter table mission 
       drop 
       foreign key FKckx1b8plp95qtdk73kylhy12n
Hibernate: 
    
    alter table review 
       drop 
       foreign key FKk0ccx5i4ci2wd70vegug074w1
Hibernate: 
    
    alter table review 
       drop 
       foreign key FK74d12ba8sxxu9vpnc59b43y30
Hibernate: 
    
    alter table review_image 
       drop 
       foreign key FK16wp089tx9nm0obc217gvdd6l
Hibernate: 
    
    alter table store 
       drop 
       foreign key FKiecbc1b9m21semcf714lasyi5
Hibernate: 
    
    drop table if exists food_category
Hibernate: 
    
    drop table if exists member
Hibernate: 
    
    drop table if exists member_agree
Hibernate: 
    
    drop table if exists member_mission
Hibernate: 
    
    drop table if exists member_prefer
Hibernate: 
    
    drop table if exists mission
Hibernate: 
    
    drop table if exists region
Hibernate: 
    
    drop table if exists review
Hibernate: 
    
    drop table if exists review_image
Hibernate: 
    
    drop table if exists store
Hibernate: 
    
    drop table if exists terms
Hibernate: 
    
    create table food_category (
       id bigint not null auto_increment,
        created_at datetime(6),
        updated_at datetime(6),
        name varchar(255),
        primary key (id)
    ) engine=InnoDB
Hibernate: 
    
    create table member (
       id bigint not null auto_increment,
        created_at datetime(6),
        updated_at datetime(6),
        address varchar(40) not null,
        email varchar(50) not null,
        gender VARCHAR(10),
        inactive_date date,
        name varchar(20) not null,
        point integer,
        social_type varchar(255),
        spec_address varchar(40) not null,
        status VARCHAR(15) DEFAULT 'ACTIVE',
        primary key (id)
    ) engine=InnoDB
Hibernate: 
    
    create table member_agree (
       id bigint not null auto_increment,
        created_at datetime(6),
        updated_at datetime(6),
        member_id bigint,
        terms_id bigint,
        primary key (id)
    ) engine=InnoDB
Hibernate: 
    
    create table member_mission (
       id bigint not null auto_increment,
        created_at datetime(6),
        updated_at datetime(6),
        status varchar(255),
        member bigint,
        mission bigint,
        primary key (id)
    ) engine=InnoDB
Hibernate: 
    
    create table member_prefer (
       id bigint not null auto_increment,
        created_at datetime(6),
        updated_at datetime(6),
        category_id bigint,
        member_id bigint,
        primary key (id)
    ) engine=InnoDB
Hibernate: 
    
    create table mission (
       id bigint not null auto_increment,
        created_at datetime(6),
        updated_at datetime(6),
        deadline date,
        mission_spec varchar(255),
        reward integer,
        store_id bigint,
        primary key (id)
    ) engine=InnoDB
Hibernate: 
    
    create table region (
       id bigint not null auto_increment,
        created_at datetime(6),
        updated_at datetime(6),
        name varchar(255),
        primary key (id)
    ) engine=InnoDB
Hibernate: 
    
    create table review (
       id bigint not null auto_increment,
        created_at datetime(6),
        updated_at datetime(6),
        score float(23),
        title varchar(255),
        member_id bigint,
        store_id bigint,
        primary key (id)
    ) engine=InnoDB
Hibernate: 
    
    create table review_image (
       id bigint not null auto_increment,
        created_at datetime(6),
        updated_at datetime(6),
        image_url varchar(255),
        review_id bigint,
        primary key (id)
    ) engine=InnoDB
Hibernate: 
    
    create table store (
       id bigint not null auto_increment,
        created_at datetime(6),
        updated_at datetime(6),
        address varchar(255),
        name varchar(255),
        score float(23),
        region_id bigint,
        primary key (id)
    ) engine=InnoDB
Hibernate: 
    
    create table terms (
       id bigint not null auto_increment,
        created_at datetime(6),
        updated_at datetime(6),
        body varchar(255),
        optional bit,
        title varchar(255),
        primary key (id)
    ) engine=InnoDB
Hibernate: 
    
    alter table member_agree 
       add constraint FKidc8ol6y753cph4vuq9fa9scd 
       foreign key (member_id) 
       references member (id)
Hibernate: 
    
    alter table member_agree 
       add constraint FKg33d9g6nwdsilmn85of0tt35q 
       foreign key (terms_id) 
       references terms (id)
Hibernate: 
    
    alter table member_mission 
       add constraint FKj748kava82k8wmg961rh64x90 
       foreign key (member) 
       references member (id)
Hibernate: 
    
    alter table member_mission 
       add constraint FKk7l6leg5exlw81blymvdk7eqj 
       foreign key (mission) 
       references mission (id)
Hibernate: 
    
    alter table member_prefer 
       add constraint FK27wbv0uj0ky73wp2oo63yd72i 
       foreign key (category_id) 
       references food_category (id)
Hibernate: 
    
    alter table member_prefer 
       add constraint FKt0mtbhxwyh98gfwit7uvynexi 
       foreign key (member_id) 
       references member (id)
Hibernate: 
    
    alter table mission 
       add constraint FKckx1b8plp95qtdk73kylhy12n 
       foreign key (store_id) 
       references store (id)
Hibernate: 
    
    alter table review 
       add constraint FKk0ccx5i4ci2wd70vegug074w1 
       foreign key (member_id) 
       references member (id)
Hibernate: 
    
    alter table review 
       add constraint FK74d12ba8sxxu9vpnc59b43y30 
       foreign key (store_id) 
       references store (id)
Hibernate: 
    
    alter table review_image 
       add constraint FK16wp089tx9nm0obc217gvdd6l 
       foreign key (review_id) 
       references review (id)
Hibernate: 
    
    alter table store 
       add constraint FKiecbc1b9m21semcf714lasyi5 
       foreign key (region_id) 
       references region (id)
2025-04-28T12:20:45.468+09:00  INFO 6564 --- [    Test worker] o.h.e.t.j.p.i.JtaPlatformInitiator       : HHH000490: Using JtaPlatform implementation: [org.hibernate.engine.transaction.jta.platform.internal.NoJtaPlatform]
2025-04-28T12:20:45.492+09:00  INFO 6564 --- [    Test worker] j.LocalContainerEntityManagerFactoryBean : Initialized JPA EntityManagerFactory for persistence unit 'default'
2025-04-28T12:20:47.213+09:00  WARN 6564 --- [    Test worker] JpaBaseConfiguration$JpaWebConfiguration : spring.jpa.open-in-view is enabled by default. Therefore, database queries may be performed during view rendering. Explicitly configure spring.jpa.open-in-view to disable this warning
2025-04-28T12:20:48.232+09:00  INFO 6564 --- [    Test worker] umc.spring.ApplicationTests              : Started ApplicationTests in 15.06 seconds (process running for 17.102)
Executing findStoresByNameAndScore with parameters:
Name: 요아정
Score: 4.0
Hibernate: 
    /* select
        store 
    from
        Store store 
    where
        store.name = ?1 
        and store.score >= ?2 */ select
            s1_0.id,
            s1_0.address,
            s1_0.created_at,
            s1_0.name,
            s1_0.region_id,
            s1_0.score,
            s1_0.updated_at 
        from
            store s1_0 
        where
            s1_0.name=? 
            and s1_0.score>=?
]]></system-out>
  <system-err><![CDATA[]]></system-err>
</testsuite>
